This file contains any messages produced by compilers while
running configure, to aid debugging if configure makes a mistake.

It was created by configure, which was
generated by GNU Autoconf 2.59.  Invocation command line was

  $ ./configure --host=x86_64-nacl --disable-shared

## --------- ##
## Platform. ##
## --------- ##

hostname = zvm-VirtualBox
uname -m = x86_64
uname -r = 3.8.0-35-generic
uname -s = Linux
uname -v = #52~precise1-Ubuntu SMP Thu Jan 30 17:24:40 UTC 2014

/usr/bin/uname -p = unknown
/bin/uname -X     = unknown

/bin/arch              = unknown
/usr/bin/arch -k       = unknown
/usr/convex/getsysinfo = unknown
hostinfo               = unknown
/bin/machine           = unknown
/usr/bin/oslevel       = unknown
/bin/universe          = unknown

PATH: /opt/zerovm/bin
PATH: /usr/lib/lightdm/lightdm
PATH: /usr/local/sbin
PATH: /usr/local/bin
PATH: /usr/sbin
PATH: /usr/bin
PATH: /sbin
PATH: /bin
PATH: /usr/games


## ----------- ##
## Core tests. ##
## ----------- ##

configure:1547: checking build system type
configure:1565: result: x86_64-unknown-linux-gnu
configure:1573: checking host system type
configure:1587: result: i686-pc-nacl
configure:1595: checking target system type
configure:1609: result: i686-pc-nacl
configure:1663: checking for a BSD-compatible install
configure:1718: result: /usr/bin/install -c
configure:1729: checking whether build environment is sane
configure:1772: result: yes
configure:1837: checking for gawk
configure:1866: result: no
configure:1837: checking for mawk
configure:1853: found /usr/bin/mawk
configure:1863: result: mawk
configure:1873: checking whether make sets $(MAKE)
configure:1893: result: yes
configure:1969: checking for x86_64-nacl-strip
configure:1985: found /opt/zerovm/bin/x86_64-nacl-strip
configure:1995: result: x86_64-nacl-strip
configure:2070: checking for x86_64-nacl-gcc
configure:2086: found /opt/zerovm/bin/x86_64-nacl-gcc
configure:2096: result: x86_64-nacl-gcc
configure:2378: checking for C compiler version
configure:2381: x86_64-nacl-gcc --version </dev/null >&5
x86_64-nacl-gcc (GCC) 4.4.3
Copyright (C) 2010 Free Software Foundation, Inc.
This is free software; see the source for copying conditions.  There is NO
warranty; not even for MERCHANTABILITY or FITNESS FOR A PARTICULAR PURPOSE.

configure:2384: $? = 0
configure:2386: x86_64-nacl-gcc -v </dev/null >&5
Using built-in specs.
Reading specs from /opt/zerovm/lib/gcc/x86_64-nacl/specs
Target: x86_64-nacl
Configured with: /home/zvm/git/zvm-toolchain/SRC/gcc/configure CC='gcc -m32' CFLAGS='-O2 -g -Dinhibit_libc -D__gthr_posix_h' LDFLAGS=-s 'CFLAGS_FOR_TARGET=-O2 -g ' 'CXXFLAGS_FOR_TARGET=-O2 -g ' --prefix=/opt/zerovm --disable-decimal-float --disable-libgomp --disable-libmudflap --disable-libssp --disable-libstdcxx-pch --target=x86_64-nacl --with-gmp=/home/zvm/git/zvm-toolchain/BUILD/.gcc-extra-install-gmp --with-mpfr=/home/zvm/git/zvm-toolchain/BUILD/.gcc-extra-install-mpfr --with-ppl=/home/zvm/git/zvm-toolchain/BUILD/.gcc-extra-install-ppl --with-host-libstdcxx='-lpwl -Wl,-Bstatic -lstdc++ -Wl,-Bdynamic -lm' --with-cloog=/home/zvm/git/zvm-toolchain/BUILD/.gcc-extra-install-cloog-ppl --disable-ppl-version-check --enable-shared --enable-languages=c,c++,objc,obj-c++,fortran --enable-threads=posix --enable-tls
Thread model: posix
gcc version 4.4.3 (GCC) 
configure:2389: $? = 0
configure:2391: x86_64-nacl-gcc -V </dev/null >&5
x86_64-nacl-gcc: '-V' option must have argument
configure:2394: $? = 1
configure:2417: checking for C compiler default output file name
configure:2420: x86_64-nacl-gcc    conftest.c  >&5
configure:2423: $? = 0
configure:2469: result: a.out
configure:2474: checking whether the C compiler works
configure:2480: ./a.out
./configure: line 2481:  2806 Segmentation fault      (core dumped) ./$ac_file
configure:2483: $? = 139
configure:2500: result: yes
configure:2507: checking whether we are cross compiling
configure:2509: result: yes
configure:2512: checking for suffix of executables
configure:2514: x86_64-nacl-gcc -o conftest    conftest.c  >&5
configure:2517: $? = 0
configure:2542: result: 
configure:2548: checking for suffix of object files
configure:2569: x86_64-nacl-gcc -c   conftest.c >&5
configure:2572: $? = 0
configure:2594: result: o
configure:2598: checking whether we are using the GNU C compiler
configure:2622: x86_64-nacl-gcc -c   conftest.c >&5
configure:2628: $? = 0
configure:2632: test -z 
			 || test ! -s conftest.err
configure:2635: $? = 0
configure:2638: test -s conftest.o
configure:2641: $? = 0
configure:2654: result: yes
configure:2660: checking whether x86_64-nacl-gcc accepts -g
configure:2681: x86_64-nacl-gcc -c -g  conftest.c >&5
configure:2687: $? = 0
configure:2691: test -z 
			 || test ! -s conftest.err
configure:2694: $? = 0
configure:2697: test -s conftest.o
configure:2700: $? = 0
configure:2711: result: yes
configure:2728: checking for x86_64-nacl-gcc option to accept ANSI C
configure:2798: x86_64-nacl-gcc  -c -g -O2  conftest.c >&5
configure:2804: $? = 0
configure:2808: test -z 
			 || test ! -s conftest.err
configure:2811: $? = 0
configure:2814: test -s conftest.o
configure:2817: $? = 0
configure:2835: result: none needed
configure:2853: x86_64-nacl-gcc -c -g -O2  conftest.c >&5
conftest.c:2: error: expected '=', ',', ';', 'asm' or '__attribute__' before 'me'
configure:2859: $? = 1
configure: failed program was:
| #ifndef __cplusplus
|   choke me
| #endif
configure:3003: checking for style of include used by make
configure:3031: result: GNU
configure:3059: checking dependency style of x86_64-nacl-gcc
configure:3149: result: gcc3
configure:3239: checking for a sed that does not truncate output
configure:3293: result: /bin/sed
configure:3296: checking for egrep
configure:3306: result: grep -E
configure:3322: checking for ld used by x86_64-nacl-gcc
configure:3389: result: /opt/zerovm/x86_64-nacl/bin/ld
configure:3398: checking if the linker (/opt/zerovm/x86_64-nacl/bin/ld) is GNU ld
configure:3413: result: yes
configure:3418: checking for /opt/zerovm/x86_64-nacl/bin/ld option to reload object files
configure:3425: result: -r
configure:3443: checking for BSD-compatible nm
configure:3492: result: /opt/zerovm/bin/x86_64-nacl-nm -B
configure:3496: checking whether ln -s works
configure:3500: result: yes
configure:3507: checking how to recognise dependent libraries
configure:3683: result: unknown
configure:3920: checking how to run the C preprocessor
configure:3955: x86_64-nacl-gcc -E  conftest.c
configure:3961: $? = 0
configure:3993: x86_64-nacl-gcc -E  conftest.c
conftest.c:11:28: error: ac_nonexistent.h: No such file or directory
configure:3999: $? = 1
configure: failed program was:
| /* confdefs.h.  */
| 
| #define PACKAGE_NAME ""
| #define PACKAGE_TARNAME ""
| #define PACKAGE_VERSION ""
| #define PACKAGE_STRING ""
| #define PACKAGE_BUGREPORT ""
| #define PACKAGE "libsqlfs"
| #define VERSION "1.1"
| /* end confdefs.h.  */
| #include <ac_nonexistent.h>
configure:4038: result: x86_64-nacl-gcc -E
configure:4062: x86_64-nacl-gcc -E  conftest.c
configure:4068: $? = 0
configure:4100: x86_64-nacl-gcc -E  conftest.c
conftest.c:11:28: error: ac_nonexistent.h: No such file or directory
configure:4106: $? = 1
configure: failed program was:
| /* confdefs.h.  */
| 
| #define PACKAGE_NAME ""
| #define PACKAGE_TARNAME ""
| #define PACKAGE_VERSION ""
| #define PACKAGE_STRING ""
| #define PACKAGE_BUGREPORT ""
| #define PACKAGE "libsqlfs"
| #define VERSION "1.1"
| /* end confdefs.h.  */
| #include <ac_nonexistent.h>
configure:4150: checking for ANSI C header files
configure:4175: x86_64-nacl-gcc -c -g -O2  conftest.c >&5
configure:4181: $? = 0
configure:4185: test -z 
			 || test ! -s conftest.err
configure:4188: $? = 0
configure:4191: test -s conftest.o
configure:4194: $? = 0
configure:4306: result: yes
configure:4330: checking for sys/types.h
configure:4346: x86_64-nacl-gcc -c -g -O2  conftest.c >&5
configure:4352: $? = 0
configure:4356: test -z 
			 || test ! -s conftest.err
configure:4359: $? = 0
configure:4362: test -s conftest.o
configure:4365: $? = 0
configure:4376: result: yes
configure:4330: checking for sys/stat.h
configure:4346: x86_64-nacl-gcc -c -g -O2  conftest.c >&5
configure:4352: $? = 0
configure:4356: test -z 
			 || test ! -s conftest.err
configure:4359: $? = 0
configure:4362: test -s conftest.o
configure:4365: $? = 0
configure:4376: result: yes
configure:4330: checking for stdlib.h
configure:4346: x86_64-nacl-gcc -c -g -O2  conftest.c >&5
configure:4352: $? = 0
configure:4356: test -z 
			 || test ! -s conftest.err
configure:4359: $? = 0
configure:4362: test -s conftest.o
configure:4365: $? = 0
configure:4376: result: yes
configure:4330: checking for string.h
configure:4346: x86_64-nacl-gcc -c -g -O2  conftest.c >&5
configure:4352: $? = 0
configure:4356: test -z 
			 || test ! -s conftest.err
configure:4359: $? = 0
configure:4362: test -s conftest.o
configure:4365: $? = 0
configure:4376: result: yes
configure:4330: checking for memory.h
configure:4346: x86_64-nacl-gcc -c -g -O2  conftest.c >&5
configure:4352: $? = 0
configure:4356: test -z 
			 || test ! -s conftest.err
configure:4359: $? = 0
configure:4362: test -s conftest.o
configure:4365: $? = 0
configure:4376: result: yes
configure:4330: checking for strings.h
configure:4346: x86_64-nacl-gcc -c -g -O2  conftest.c >&5
configure:4352: $? = 0
configure:4356: test -z 
			 || test ! -s conftest.err
configure:4359: $? = 0
configure:4362: test -s conftest.o
configure:4365: $? = 0
configure:4376: result: yes
configure:4330: checking for inttypes.h
configure:4346: x86_64-nacl-gcc -c -g -O2  conftest.c >&5
configure:4352: $? = 0
configure:4356: test -z 
			 || test ! -s conftest.err
configure:4359: $? = 0
configure:4362: test -s conftest.o
configure:4365: $? = 0
configure:4376: result: yes
configure:4330: checking for stdint.h
configure:4346: x86_64-nacl-gcc -c -g -O2  conftest.c >&5
configure:4352: $? = 0
configure:4356: test -z 
			 || test ! -s conftest.err
configure:4359: $? = 0
configure:4362: test -s conftest.o
configure:4365: $? = 0
configure:4376: result: yes
configure:4330: checking for unistd.h
configure:4346: x86_64-nacl-gcc -c -g -O2  conftest.c >&5
configure:4352: $? = 0
configure:4356: test -z 
			 || test ! -s conftest.err
configure:4359: $? = 0
configure:4362: test -s conftest.o
configure:4365: $? = 0
configure:4376: result: yes
configure:4402: checking dlfcn.h usability
configure:4414: x86_64-nacl-gcc -c -g -O2  conftest.c >&5
configure:4420: $? = 0
configure:4424: test -z 
			 || test ! -s conftest.err
configure:4427: $? = 0
configure:4430: test -s conftest.o
configure:4433: $? = 0
configure:4443: result: yes
configure:4447: checking dlfcn.h presence
configure:4457: x86_64-nacl-gcc -E  conftest.c
configure:4463: $? = 0
configure:4483: result: yes
configure:4518: checking for dlfcn.h
configure:4525: result: yes
configure:4548: checking for x86_64-nacl-g++
configure:4564: found /opt/zerovm/bin/x86_64-nacl-g++
configure:4574: result: x86_64-nacl-g++
configure:4632: checking for C++ compiler version
configure:4635: x86_64-nacl-g++ --version </dev/null >&5
x86_64-nacl-g++ (GCC) 4.4.3
Copyright (C) 2010 Free Software Foundation, Inc.
This is free software; see the source for copying conditions.  There is NO
warranty; not even for MERCHANTABILITY or FITNESS FOR A PARTICULAR PURPOSE.

configure:4638: $? = 0
configure:4640: x86_64-nacl-g++ -v </dev/null >&5
Using built-in specs.
Reading specs from /opt/zerovm/lib/gcc/x86_64-nacl/specs
Target: x86_64-nacl
Configured with: /home/zvm/git/zvm-toolchain/SRC/gcc/configure CC='gcc -m32' CFLAGS='-O2 -g -Dinhibit_libc -D__gthr_posix_h' LDFLAGS=-s 'CFLAGS_FOR_TARGET=-O2 -g ' 'CXXFLAGS_FOR_TARGET=-O2 -g ' --prefix=/opt/zerovm --disable-decimal-float --disable-libgomp --disable-libmudflap --disable-libssp --disable-libstdcxx-pch --target=x86_64-nacl --with-gmp=/home/zvm/git/zvm-toolchain/BUILD/.gcc-extra-install-gmp --with-mpfr=/home/zvm/git/zvm-toolchain/BUILD/.gcc-extra-install-mpfr --with-ppl=/home/zvm/git/zvm-toolchain/BUILD/.gcc-extra-install-ppl --with-host-libstdcxx='-lpwl -Wl,-Bstatic -lstdc++ -Wl,-Bdynamic -lm' --with-cloog=/home/zvm/git/zvm-toolchain/BUILD/.gcc-extra-install-cloog-ppl --disable-ppl-version-check --enable-shared --enable-languages=c,c++,objc,obj-c++,fortran --enable-threads=posix --enable-tls
Thread model: posix
gcc version 4.4.3 (GCC) 
configure:4643: $? = 0
configure:4645: x86_64-nacl-g++ -V </dev/null >&5
x86_64-nacl-g++: '-V' option must have argument
configure:4648: $? = 1
configure:4651: checking whether we are using the GNU C++ compiler
configure:4675: x86_64-nacl-g++ -c   conftest.cc >&5
configure:4681: $? = 0
configure:4685: test -z 
			 || test ! -s conftest.err
configure:4688: $? = 0
configure:4691: test -s conftest.o
configure:4694: $? = 0
configure:4707: result: yes
configure:4713: checking whether x86_64-nacl-g++ accepts -g
configure:4734: x86_64-nacl-g++ -c -g  conftest.cc >&5
configure:4740: $? = 0
configure:4744: test -z 
			 || test ! -s conftest.err
configure:4747: $? = 0
configure:4750: test -s conftest.o
configure:4753: $? = 0
configure:4764: result: yes
configure:4806: x86_64-nacl-g++ -c -g -O2  conftest.cc >&5
configure:4812: $? = 0
configure:4816: test -z 
			 || test ! -s conftest.err
configure:4819: $? = 0
configure:4822: test -s conftest.o
configure:4825: $? = 0
configure:4851: x86_64-nacl-g++ -c -g -O2  conftest.cc >&5
conftest.cc: In function 'int main()':
conftest.cc:26: error: 'exit' was not declared in this scope
configure:4857: $? = 1
configure: failed program was:
| /* confdefs.h.  */
| 
| #define PACKAGE_NAME ""
| #define PACKAGE_TARNAME ""
| #define PACKAGE_VERSION ""
| #define PACKAGE_STRING ""
| #define PACKAGE_BUGREPORT ""
| #define PACKAGE "libsqlfs"
| #define VERSION "1.1"
| #define STDC_HEADERS 1
| #define HAVE_SYS_TYPES_H 1
| #define HAVE_SYS_STAT_H 1
| #define HAVE_STDLIB_H 1
| #define HAVE_STRING_H 1
| #define HAVE_MEMORY_H 1
| #define HAVE_STRINGS_H 1
| #define HAVE_INTTYPES_H 1
| #define HAVE_STDINT_H 1
| #define HAVE_UNISTD_H 1
| #define HAVE_DLFCN_H 1
| /* end confdefs.h.  */
| 
| int
| main ()
| {
| exit (42);
|   ;
|   return 0;
| }
configure:4806: x86_64-nacl-g++ -c -g -O2  conftest.cc >&5
conftest.cc:22: error: 'void std::exit(int)' should have been declared inside 'std'
configure:4812: $? = 1
configure: failed program was:
| /* confdefs.h.  */
| 
| #define PACKAGE_NAME ""
| #define PACKAGE_TARNAME ""
| #define PACKAGE_VERSION ""
| #define PACKAGE_STRING ""
| #define PACKAGE_BUGREPORT ""
| #define PACKAGE "libsqlfs"
| #define VERSION "1.1"
| #define STDC_HEADERS 1
| #define HAVE_SYS_TYPES_H 1
| #define HAVE_SYS_STAT_H 1
| #define HAVE_STDLIB_H 1
| #define HAVE_STRING_H 1
| #define HAVE_MEMORY_H 1
| #define HAVE_STRINGS_H 1
| #define HAVE_INTTYPES_H 1
| #define HAVE_STDINT_H 1
| #define HAVE_UNISTD_H 1
| #define HAVE_DLFCN_H 1
| /* end confdefs.h.  */
| extern "C" void std::exit (int) throw (); using std::exit;
| #include <stdlib.h>
| int
| main ()
| {
| exit (42);
|   ;
|   return 0;
| }
configure:4806: x86_64-nacl-g++ -c -g -O2  conftest.cc >&5
conftest.cc:22: error: 'void std::exit(int)' should have been declared inside 'std'
In file included from conftest.cc:23:
/opt/zerovm/lib/gcc/x86_64-nacl/4.4.3/../../../../x86_64-nacl/include/stdlib.h:531: error: declaration of 'void std::exit(int) throw ()' throws different exceptions
conftest.cc:22: error: from previous declaration 'void std::exit(int)'
configure:4812: $? = 1
configure: failed program was:
| /* confdefs.h.  */
| 
| #define PACKAGE_NAME ""
| #define PACKAGE_TARNAME ""
| #define PACKAGE_VERSION ""
| #define PACKAGE_STRING ""
| #define PACKAGE_BUGREPORT ""
| #define PACKAGE "libsqlfs"
| #define VERSION "1.1"
| #define STDC_HEADERS 1
| #define HAVE_SYS_TYPES_H 1
| #define HAVE_SYS_STAT_H 1
| #define HAVE_STDLIB_H 1
| #define HAVE_STRING_H 1
| #define HAVE_MEMORY_H 1
| #define HAVE_STRINGS_H 1
| #define HAVE_INTTYPES_H 1
| #define HAVE_STDINT_H 1
| #define HAVE_UNISTD_H 1
| #define HAVE_DLFCN_H 1
| /* end confdefs.h.  */
| extern "C" void std::exit (int); using std::exit;
| #include <stdlib.h>
| int
| main ()
| {
| exit (42);
|   ;
|   return 0;
| }
configure:4806: x86_64-nacl-g++ -c -g -O2  conftest.cc >&5
configure:4812: $? = 0
configure:4816: test -z 
			 || test ! -s conftest.err
configure:4819: $? = 0
configure:4822: test -s conftest.o
configure:4825: $? = 0
configure:4851: x86_64-nacl-g++ -c -g -O2  conftest.cc >&5
configure:4857: $? = 0
configure:4861: test -z 
			 || test ! -s conftest.err
configure:4864: $? = 0
configure:4867: test -s conftest.o
configure:4870: $? = 0
configure:4895: checking dependency style of x86_64-nacl-g++
configure:4985: result: gcc3
configure:5012: checking how to run the C++ preprocessor
configure:5043: x86_64-nacl-g++ -E  conftest.cc
configure:5049: $? = 0
configure:5081: x86_64-nacl-g++ -E  conftest.cc
conftest.cc:25:28: error: ac_nonexistent.h: No such file or directory
configure:5087: $? = 1
configure: failed program was:
| /* confdefs.h.  */
| 
| #define PACKAGE_NAME ""
| #define PACKAGE_TARNAME ""
| #define PACKAGE_VERSION ""
| #define PACKAGE_STRING ""
| #define PACKAGE_BUGREPORT ""
| #define PACKAGE "libsqlfs"
| #define VERSION "1.1"
| #define STDC_HEADERS 1
| #define HAVE_SYS_TYPES_H 1
| #define HAVE_SYS_STAT_H 1
| #define HAVE_STDLIB_H 1
| #define HAVE_STRING_H 1
| #define HAVE_MEMORY_H 1
| #define HAVE_STRINGS_H 1
| #define HAVE_INTTYPES_H 1
| #define HAVE_STDINT_H 1
| #define HAVE_UNISTD_H 1
| #define HAVE_DLFCN_H 1
| #ifdef __cplusplus
| extern "C" void exit (int) throw ();
| #endif
| /* end confdefs.h.  */
| #include <ac_nonexistent.h>
configure:5126: result: x86_64-nacl-g++ -E
configure:5150: x86_64-nacl-g++ -E  conftest.cc
configure:5156: $? = 0
configure:5188: x86_64-nacl-g++ -E  conftest.cc
conftest.cc:25:28: error: ac_nonexistent.h: No such file or directory
configure:5194: $? = 1
configure: failed program was:
| /* confdefs.h.  */
| 
| #define PACKAGE_NAME ""
| #define PACKAGE_TARNAME ""
| #define PACKAGE_VERSION ""
| #define PACKAGE_STRING ""
| #define PACKAGE_BUGREPORT ""
| #define PACKAGE "libsqlfs"
| #define VERSION "1.1"
| #define STDC_HEADERS 1
| #define HAVE_SYS_TYPES_H 1
| #define HAVE_SYS_STAT_H 1
| #define HAVE_STDLIB_H 1
| #define HAVE_STRING_H 1
| #define HAVE_MEMORY_H 1
| #define HAVE_STRINGS_H 1
| #define HAVE_INTTYPES_H 1
| #define HAVE_STDINT_H 1
| #define HAVE_UNISTD_H 1
| #define HAVE_DLFCN_H 1
| #ifdef __cplusplus
| extern "C" void exit (int) throw ();
| #endif
| /* end confdefs.h.  */
| #include <ac_nonexistent.h>
configure:5249: checking for x86_64-nacl-g77
configure:5278: result: no
configure:5249: checking for x86_64-nacl-f77
configure:5278: result: no
configure:5249: checking for x86_64-nacl-xlf
configure:5278: result: no
configure:5249: checking for x86_64-nacl-frt
configure:5278: result: no
configure:5249: checking for x86_64-nacl-pgf77
configure:5278: result: no
configure:5249: checking for x86_64-nacl-fort77
configure:5278: result: no
configure:5249: checking for x86_64-nacl-fl32
configure:5278: result: no
configure:5249: checking for x86_64-nacl-af77
configure:5278: result: no
configure:5249: checking for x86_64-nacl-f90
configure:5278: result: no
configure:5249: checking for x86_64-nacl-xlf90
configure:5278: result: no
configure:5249: checking for x86_64-nacl-pgf90
configure:5278: result: no
configure:5249: checking for x86_64-nacl-epcf90
configure:5278: result: no
configure:5249: checking for x86_64-nacl-f95
configure:5278: result: no
configure:5249: checking for x86_64-nacl-fort
configure:5278: result: no
configure:5249: checking for x86_64-nacl-xlf95
configure:5278: result: no
configure:5249: checking for x86_64-nacl-ifc
configure:5278: result: no
configure:5249: checking for x86_64-nacl-efc
configure:5278: result: no
configure:5249: checking for x86_64-nacl-pgf95
configure:5278: result: no
configure:5249: checking for x86_64-nacl-lf95
configure:5278: result: no
configure:5249: checking for x86_64-nacl-gfortran
configure:5265: found /opt/zerovm/bin/x86_64-nacl-gfortran
configure:5275: result: x86_64-nacl-gfortran
configure:5332: checking for Fortran 77 compiler version
configure:5335: x86_64-nacl-gfortran --version </dev/null >&5
GNU Fortran (GCC) 4.4.3
Copyright (C) 2010 Free Software Foundation, Inc.

GNU Fortran comes with NO WARRANTY, to the extent permitted by law.
You may redistribute copies of GNU Fortran
under the terms of the GNU General Public License.
For more information about these matters, see the file named COPYING

configure:5338: $? = 0
configure:5340: x86_64-nacl-gfortran -v </dev/null >&5
Using built-in specs.
Reading specs from /opt/zerovm/lib/gcc/x86_64-nacl/specs
Target: x86_64-nacl
Configured with: /home/zvm/git/zvm-toolchain/SRC/gcc/configure CC='gcc -m32' CFLAGS='-O2 -g -Dinhibit_libc -D__gthr_posix_h' LDFLAGS=-s 'CFLAGS_FOR_TARGET=-O2 -g ' 'CXXFLAGS_FOR_TARGET=-O2 -g ' --prefix=/opt/zerovm --disable-decimal-float --disable-libgomp --disable-libmudflap --disable-libssp --disable-libstdcxx-pch --target=x86_64-nacl --with-gmp=/home/zvm/git/zvm-toolchain/BUILD/.gcc-extra-install-gmp --with-mpfr=/home/zvm/git/zvm-toolchain/BUILD/.gcc-extra-install-mpfr --with-ppl=/home/zvm/git/zvm-toolchain/BUILD/.gcc-extra-install-ppl --with-host-libstdcxx='-lpwl -Wl,-Bstatic -lstdc++ -Wl,-Bdynamic -lm' --with-cloog=/home/zvm/git/zvm-toolchain/BUILD/.gcc-extra-install-cloog-ppl --disable-ppl-version-check --enable-shared --enable-languages=c,c++,objc,obj-c++,fortran --enable-threads=posix --enable-tls
Thread model: posix
gcc version 4.4.3 (GCC) 
configure:5343: $? = 0
configure:5345: x86_64-nacl-gfortran -V </dev/null >&5
x86_64-nacl-gfortran: '-V' option must have argument
configure:5348: $? = 1
configure:5356: checking whether we are using the GNU Fortran 77 compiler
configure:5370: x86_64-nacl-gfortran -c  conftest.F >&5
configure:5376: $? = 0
configure:5380: test -z 
			 || test ! -s conftest.err
configure:5383: $? = 0
configure:5386: test -s conftest.o
configure:5389: $? = 0
configure:5402: result: yes
configure:5408: checking whether x86_64-nacl-gfortran accepts -g
configure:5420: x86_64-nacl-gfortran -c -g conftest.f >&5
configure:5426: $? = 0
configure:5430: test -z 
			 || test ! -s conftest.err
configure:5433: $? = 0
configure:5436: test -s conftest.o
configure:5439: $? = 0
configure:5451: result: yes
configure:5481: checking the maximum length of command line arguments
configure:5590: result: 32768
configure:5601: checking command to parse /opt/zerovm/bin/x86_64-nacl-nm -B output from x86_64-nacl-gcc object
configure:5706: x86_64-nacl-gcc -c -g -O2  conftest.c >&5
configure:5709: $? = 0
configure:5713: /opt/zerovm/bin/x86_64-nacl-nm -B conftest.o \| sed -n -e 's/^.*[ 	]\([ABCDGIRSTW][ABCDGIRSTW]*\)[ 	][ 	]*\([_A-Za-z][_A-Za-z0-9]*\)$/\1 \2 \2/p' \> conftest.nm
configure:5716: $? = 0
configure:5768: x86_64-nacl-gcc -o conftest -g -O2   conftest.c conftstm.o >&5
configure:5771: $? = 0
configure:5809: result: ok
configure:5813: checking for objdir
configure:5828: result: .libs
configure:5880: checking for x86_64-nacl-ar
configure:5896: found /opt/zerovm/bin/x86_64-nacl-ar
configure:5906: result: x86_64-nacl-ar
configure:5960: checking for x86_64-nacl-ranlib
configure:5976: found /opt/zerovm/bin/x86_64-nacl-ranlib
configure:5986: result: x86_64-nacl-ranlib
configure:6040: checking for x86_64-nacl-strip
configure:6066: result: x86_64-nacl-strip
configure:6377: checking if x86_64-nacl-gcc supports -fno-rtti -fno-exceptions
configure:6395: x86_64-nacl-gcc -c -g -O2  -fno-rtti -fno-exceptions conftest.c >&5
cc1: warning: command line option "-fno-rtti" is valid for C++/ObjC++ but not for C
configure:6399: $? = 0
configure:6412: result: no
configure:6427: checking for x86_64-nacl-gcc option to produce PIC
configure:6637: result: -fPIC
configure:6645: checking if x86_64-nacl-gcc PIC flag -fPIC works
configure:6663: x86_64-nacl-gcc -c -g -O2  -fPIC -DPIC conftest.c >&5
configure:6667: $? = 0
configure:6680: result: yes
configure:6708: checking if x86_64-nacl-gcc static flag -static works
configure:6736: result: no
configure:6746: checking if x86_64-nacl-gcc supports -c -o file.o
configure:6767: x86_64-nacl-gcc -c -g -O2  -o out/conftest2.o conftest.c >&5
configure:6771: $? = 0
configure:6793: result: yes
configure:6819: checking whether the x86_64-nacl-gcc linker (/opt/zerovm/x86_64-nacl/bin/ld) supports shared libraries
configure:7777: result: yes
configure:7844: checking dynamic linker characteristics
configure:8453: result: no
configure:8462: checking how to hardcode library paths into programs
configure:8487: result: immediate
configure:8501: checking whether stripping libraries is possible
configure:8506: result: yes
configure:9340: checking if libtool supports shared libraries
configure:9342: result: no
configure:9345: checking whether to build shared libraries
configure:9366: result: no
configure:9369: checking whether to build static libraries
configure:9373: result: yes
configure:9465: creating libtool
configure:10053: checking for ld used by x86_64-nacl-g++
configure:10120: result: /opt/zerovm/x86_64-nacl/bin/ld
configure:10129: checking if the linker (/opt/zerovm/x86_64-nacl/bin/ld) is GNU ld
configure:10144: result: yes
configure:10195: checking whether the x86_64-nacl-g++ linker (/opt/zerovm/x86_64-nacl/bin/ld) supports shared libraries
configure:11133: result: no
configure:11151: x86_64-nacl-g++ -c -g -O2  conftest.cpp >&5
configure:11154: $? = 0
configure:11273: checking for x86_64-nacl-g++ option to produce PIC
configure:11547: result: -fPIC
configure:11555: checking if x86_64-nacl-g++ PIC flag -fPIC works
configure:11573: x86_64-nacl-g++ -c -g -O2  -fPIC -DPIC conftest.cpp >&5
configure:11577: $? = 0
configure:11590: result: yes
configure:11618: checking if x86_64-nacl-g++ static flag -static works
configure:11646: result: no
configure:11656: checking if x86_64-nacl-g++ supports -c -o file.o
configure:11677: x86_64-nacl-g++ -c -g -O2  -o out/conftest2.o conftest.cpp >&5
configure:11681: $? = 0
configure:11703: result: yes
configure:11729: checking whether the x86_64-nacl-g++ linker (/opt/zerovm/x86_64-nacl/bin/ld) supports shared libraries
configure:11754: result: no
configure:11821: checking dynamic linker characteristics
configure:12430: result: no
configure:12439: checking how to hardcode library paths into programs
configure:12464: result: immediate
configure:12990: checking if libtool supports shared libraries
configure:12992: result: no
configure:12995: checking whether to build shared libraries
configure:13015: result: no
configure:13018: checking whether to build static libraries
configure:13022: result: yes
configure:13032: checking for x86_64-nacl-gfortran option to produce PIC
configure:13242: result: -fPIC
configure:13250: checking if x86_64-nacl-gfortran PIC flag -fPIC works
configure:13268: x86_64-nacl-gfortran -c -g -O2 -fPIC conftest.f >&5
configure:13272: $? = 0
configure:13285: result: yes
configure:13313: checking if x86_64-nacl-gfortran static flag -static works
configure:13341: result: yes
configure:13351: checking if x86_64-nacl-gfortran supports -c -o file.o
configure:13372: x86_64-nacl-gfortran -c -g -O2 -o out/conftest2.o conftest.f >&5
configure:13376: $? = 0
configure:13398: result: yes
configure:13424: checking whether the x86_64-nacl-gfortran linker (/opt/zerovm/x86_64-nacl/bin/ld) supports shared libraries
configure:14362: result: yes
configure:14429: checking dynamic linker characteristics
configure:15038: result: no
configure:15047: checking how to hardcode library paths into programs
configure:15072: result: immediate
configure:18668: checking for x86_64-nacl-pkg-config
configure:18701: result: no
configure:18710: checking for pkg-config
configure:18728: found /usr/bin/pkg-config
configure:18740: result: /usr/bin/pkg-config
configure:18755: checking pkg-config is at least version 0.9.0
configure:18758: result: yes
configure:18769: checking for DEPS
configure:18777: $PKG_CONFIG --exists --print-errors "sqlite3"
configure:18780: $? = 0
configure:18795: $PKG_CONFIG --exists --print-errors "sqlite3"
configure:18798: $? = 0
configure:18874: result: yes
configure:18888: checking for special C compiler options needed for large files
configure:18987: result: no
configure:18993: checking for _FILE_OFFSET_BITS value needed for large files
configure:19024: x86_64-nacl-gcc -c -g -O2  conftest.c >&5
configure:19030: $? = 0
configure:19034: test -z 
			 || test ! -s conftest.err
configure:19037: $? = 0
configure:19040: test -s conftest.o
configure:19043: $? = 0
configure:19108: result: no
configure:19118: checking for _LARGE_FILES value needed for large files
configure:19149: x86_64-nacl-gcc -c -g -O2  conftest.c >&5
configure:19155: $? = 0
configure:19159: test -z 
			 || test ! -s conftest.err
configure:19162: $? = 0
configure:19165: test -s conftest.o
configure:19168: $? = 0
configure:19233: result: no
configure:19396: creating ./config.status

## ---------------------- ##
## Running config.status. ##
## ---------------------- ##

This file was extended by config.status, which was
generated by GNU Autoconf 2.59.  Invocation command line was

  CONFIG_FILES    = 
  CONFIG_HEADERS  = 
  CONFIG_LINKS    = 
  CONFIG_COMMANDS = 
  $ ./config.status 

on zvm-VirtualBox

config.status:716: creating Makefile
config.status:716: creating tests/Makefile
config.status:716: creating libsqlfs.pc
config.status:899: executing depfiles commands

## ---------------- ##
## Cache variables. ##
## ---------------- ##

ac_cv_build=x86_64-unknown-linux-gnu
ac_cv_build_alias=x86_64-unknown-linux-gnu
ac_cv_c_compiler_gnu=yes
ac_cv_cxx_compiler_gnu=yes
ac_cv_env_CC_set=
ac_cv_env_CC_value=
ac_cv_env_CFLAGS_set=
ac_cv_env_CFLAGS_value=
ac_cv_env_CPPFLAGS_set=
ac_cv_env_CPPFLAGS_value=
ac_cv_env_CPP_set=
ac_cv_env_CPP_value=
ac_cv_env_CXXCPP_set=
ac_cv_env_CXXCPP_value=
ac_cv_env_CXXFLAGS_set=
ac_cv_env_CXXFLAGS_value=
ac_cv_env_CXX_set=
ac_cv_env_CXX_value=
ac_cv_env_DEPS_CFLAGS_set=
ac_cv_env_DEPS_CFLAGS_value=
ac_cv_env_DEPS_LIBS_set=
ac_cv_env_DEPS_LIBS_value=
ac_cv_env_F77_set=
ac_cv_env_F77_value=
ac_cv_env_FFLAGS_set=
ac_cv_env_FFLAGS_value=
ac_cv_env_LDFLAGS_set=
ac_cv_env_LDFLAGS_value=
ac_cv_env_PKG_CONFIG_set=
ac_cv_env_PKG_CONFIG_value=
ac_cv_env_build_alias_set=
ac_cv_env_build_alias_value=
ac_cv_env_host_alias_set=set
ac_cv_env_host_alias_value=x86_64-nacl
ac_cv_env_target_alias_set=
ac_cv_env_target_alias_value=
ac_cv_exeext=
ac_cv_f77_compiler_gnu=yes
ac_cv_header_dlfcn_h=yes
ac_cv_header_inttypes_h=yes
ac_cv_header_memory_h=yes
ac_cv_header_stdc=yes
ac_cv_header_stdint_h=yes
ac_cv_header_stdlib_h=yes
ac_cv_header_string_h=yes
ac_cv_header_strings_h=yes
ac_cv_header_sys_stat_h=yes
ac_cv_header_sys_types_h=yes
ac_cv_header_unistd_h=yes
ac_cv_host=i686-pc-nacl
ac_cv_host_alias=x86_64-nacl
ac_cv_objext=o
ac_cv_path_ac_pt_PKG_CONFIG=/usr/bin/pkg-config
ac_cv_path_install='/usr/bin/install -c'
ac_cv_prog_AR=x86_64-nacl-ar
ac_cv_prog_AWK=mawk
ac_cv_prog_CC=x86_64-nacl-gcc
ac_cv_prog_CPP='x86_64-nacl-gcc -E'
ac_cv_prog_CXX=x86_64-nacl-g++
ac_cv_prog_CXXCPP='x86_64-nacl-g++ -E'
ac_cv_prog_F77=x86_64-nacl-gfortran
ac_cv_prog_RANLIB=x86_64-nacl-ranlib
ac_cv_prog_STRIP=x86_64-nacl-strip
ac_cv_prog_cc_g=yes
ac_cv_prog_cc_stdc=
ac_cv_prog_cxx_g=yes
ac_cv_prog_egrep='grep -E'
ac_cv_prog_f77_g=yes
ac_cv_prog_make_make_set=yes
ac_cv_sys_file_offset_bits=no
ac_cv_sys_large_files=no
ac_cv_sys_largefile_CC=no
ac_cv_target=i686-pc-nacl
ac_cv_target_alias=x86_64-nacl
am_cv_CC_dependencies_compiler_type=gcc3
am_cv_CXX_dependencies_compiler_type=gcc3
lt_cv_deplibs_check_method=unknown
lt_cv_file_magic_cmd='$MAGIC_CMD'
lt_cv_file_magic_test_file=
lt_cv_ld_reload_flag=-r
lt_cv_objdir=.libs
lt_cv_path_LD=/opt/zerovm/x86_64-nacl/bin/ld
lt_cv_path_LDCXX=/opt/zerovm/x86_64-nacl/bin/ld
lt_cv_path_NM='/opt/zerovm/bin/x86_64-nacl-nm -B'
lt_cv_path_SED=/bin/sed
lt_cv_prog_compiler_c_o=yes
lt_cv_prog_compiler_c_o_CXX=yes
lt_cv_prog_compiler_c_o_F77=yes
lt_cv_prog_compiler_rtti_exceptions=no
lt_cv_prog_gnu_ld=yes
lt_cv_prog_gnu_ldcxx=yes
lt_cv_sys_global_symbol_pipe='sed -n -e '\''s/^.*[ 	]\([ABCDGIRSTW][ABCDGIRSTW]*\)[ 	][ 	]*\([_A-Za-z][_A-Za-z0-9]*\)$/\1 \2 \2/p'\'''
lt_cv_sys_global_symbol_to_c_name_address='sed -n -e '\''s/^: \([^ ]*\) $/  {\"\1\", (lt_ptr) 0},/p'\'' -e '\''s/^[BCDEGRST] \([^ ]*\) \([^ ]*\)$/  {"\2", (lt_ptr) \&\2},/p'\'''
lt_cv_sys_global_symbol_to_cdecl='sed -n -e '\''s/^. .* \(.*\)$/extern int \1;/p'\'''
lt_cv_sys_max_cmd_len=32768
lt_lt_cv_prog_compiler_c_o='"yes"'
lt_lt_cv_prog_compiler_c_o_CXX='"yes"'
lt_lt_cv_prog_compiler_c_o_F77='"yes"'
lt_lt_cv_sys_global_symbol_pipe='"sed -n -e '\''s/^.*[ 	]\\([ABCDGIRSTW][ABCDGIRSTW]*\\)[ 	][ 	]*\\([_A-Za-z][_A-Za-z0-9]*\\)\$/\\1 \\2 \\2/p'\''"'
lt_lt_cv_sys_global_symbol_to_c_name_address='"sed -n -e '\''s/^: \\([^ ]*\\) \$/  {\\\"\\1\\\", (lt_ptr) 0},/p'\'' -e '\''s/^[BCDEGRST] \\([^ ]*\\) \\([^ ]*\\)\$/  {\"\\2\", (lt_ptr) \\&\\2},/p'\''"'
lt_lt_cv_sys_global_symbol_to_cdecl='"sed -n -e '\''s/^. .* \\(.*\\)\$/extern int \\1;/p'\''"'
pkg_cv_DEPS_CFLAGS='-I/usr/local/include  '
pkg_cv_DEPS_LIBS='-L/usr/local/lib -lsqlite3  '

## ----------------- ##
## Output variables. ##
## ----------------- ##

ACLOCAL='${SHELL} /home/zvm/git/libsqlfs/missing --run aclocal-1.9'
AMDEPBACKSLASH='\'
AMDEP_FALSE='#'
AMDEP_TRUE=''
AMTAR='${SHELL} /home/zvm/git/libsqlfs/missing --run tar'
AR='x86_64-nacl-ar'
AUTOCONF='${SHELL} /home/zvm/git/libsqlfs/missing --run autoconf'
AUTOHEADER='${SHELL} /home/zvm/git/libsqlfs/missing --run autoheader'
AUTOMAKE='${SHELL} /home/zvm/git/libsqlfs/missing --run automake-1.9'
AWK='mawk'
CC='x86_64-nacl-gcc'
CCDEPMODE='depmode=gcc3'
CFLAGS='-g -O2'
CPP='x86_64-nacl-gcc -E'
CPPFLAGS=''
CXX='x86_64-nacl-g++'
CXXCPP='x86_64-nacl-g++ -E'
CXXDEPMODE='depmode=gcc3'
CXXFLAGS='-g -O2'
CYGPATH_W='echo'
DEFS='-DPACKAGE_NAME=\"\" -DPACKAGE_TARNAME=\"\" -DPACKAGE_VERSION=\"\" -DPACKAGE_STRING=\"\" -DPACKAGE_BUGREPORT=\"\" -DPACKAGE=\"libsqlfs\" -DVERSION=\"1.1\" -DSTDC_HEADERS=1 -DHAVE_SYS_TYPES_H=1 -DHAVE_SYS_STAT_H=1 -DHAVE_STDLIB_H=1 -DHAVE_STRING_H=1 -DHAVE_MEMORY_H=1 -DHAVE_STRINGS_H=1 -DHAVE_INTTYPES_H=1 -DHAVE_STDINT_H=1 -DHAVE_UNISTD_H=1 -DHAVE_DLFCN_H=1 -D_GNU_SOURCE=1 '
DEPDIR='.deps'
DEPS_CFLAGS='-I/usr/local/include  '
DEPS_LIBS='-L/usr/local/lib -lsqlite3  '
ECHO='echo'
ECHO_C=''
ECHO_N='-n'
ECHO_T=''
EGREP='grep -E'
EXEEXT=''
F77='x86_64-nacl-gfortran'
FFLAGS='-g -O2'
INSTALL_DATA='${INSTALL} -m 644'
INSTALL_PROGRAM='${INSTALL}'
INSTALL_SCRIPT='${INSTALL}'
INSTALL_STRIP_PROGRAM='${SHELL} $(install_sh) -c -s'
LDFLAGS=''
LIBOBJS=''
LIBS=''
LIBTOOL='$(SHELL) $(top_builddir)/libtool'
LN_S='ln -s'
LTLIBOBJS=''
MAKEINFO='${SHELL} /home/zvm/git/libsqlfs/missing --run makeinfo'
OBJEXT='o'
PACKAGE='libsqlfs'
PACKAGE_BUGREPORT=''
PACKAGE_NAME=''
PACKAGE_STRING=''
PACKAGE_TARNAME=''
PACKAGE_VERSION=''
PATH_SEPARATOR=':'
PKG_CONFIG='/usr/bin/pkg-config'
RANLIB='x86_64-nacl-ranlib'
SET_MAKE=''
SHELL='/bin/bash'
STRIP='x86_64-nacl-strip'
VERSION='1.1'
ac_ct_AR=''
ac_ct_CC=''
ac_ct_CXX=''
ac_ct_F77=''
ac_ct_RANLIB=''
ac_ct_STRIP=''
ac_pt_PKG_CONFIG='/usr/bin/pkg-config'
am__fastdepCC_FALSE='#'
am__fastdepCC_TRUE=''
am__fastdepCXX_FALSE='#'
am__fastdepCXX_TRUE=''
am__include='include'
am__leading_dot='.'
am__quote=''
am__tar='${AMTAR} chof - "$$tardir"'
am__untar='${AMTAR} xf -'
bindir='${exec_prefix}/bin'
build='x86_64-unknown-linux-gnu'
build_alias=''
build_cpu='x86_64'
build_os='linux-gnu'
build_vendor='unknown'
datadir='${prefix}/share'
exec_prefix='${prefix}'
host='i686-pc-nacl'
host_alias='x86_64-nacl'
host_cpu='i686'
host_os='nacl'
host_vendor='pc'
includedir='${prefix}/include'
infodir='${prefix}/info'
install_sh='/home/zvm/git/libsqlfs/install-sh'
libdir='${exec_prefix}/lib'
libexecdir='${exec_prefix}/libexec'
localstatedir='${prefix}/var'
mandir='${prefix}/man'
mkdir_p='mkdir -p --'
oldincludedir='/usr/include'
prefix='/usr/local'
program_transform_name='s,x,x,'
sbindir='${exec_prefix}/sbin'
sharedstatedir='${prefix}/com'
sysconfdir='${prefix}/etc'
target='i686-pc-nacl'
target_alias=''
target_cpu='i686'
target_os='nacl'
target_vendor='pc'

## ----------- ##
## confdefs.h. ##
## ----------- ##

#define HAVE_DLFCN_H 1
#define HAVE_INTTYPES_H 1
#define HAVE_MEMORY_H 1
#define HAVE_STDINT_H 1
#define HAVE_STDLIB_H 1
#define HAVE_STRINGS_H 1
#define HAVE_STRING_H 1
#define HAVE_SYS_STAT_H 1
#define HAVE_SYS_TYPES_H 1
#define HAVE_UNISTD_H 1
#define PACKAGE "libsqlfs"
#define PACKAGE_BUGREPORT ""
#define PACKAGE_NAME ""
#define PACKAGE_STRING ""
#define PACKAGE_TARNAME ""
#define PACKAGE_VERSION ""
#define STDC_HEADERS 1
#define VERSION "1.1"
#define _GNU_SOURCE 1
#endif
#ifdef __cplusplus
extern "C" void exit (int) throw ();

configure: exit 0
